
> iftar-participation-portal@0.1.0 dev
> next dev

⚠ Warning: Next.js inferred your workspace root, but it may not be correct.
 We detected multiple lockfiles and selected the directory of /Users/papernpencil/package-lock.json as the root directory.
 To silence this warning, set `turbopack.root` in your Next.js config, or consider removing one of the lockfiles if it's not needed.
   See https://nextjs.org/docs/app/api-reference/config/next-config-js/turbopack#root-directory for more information.
 Detected additional lockfiles: 
   * /Users/papernpencil/Desktop/Iftar 2026/iftar-participation-portal/package-lock.json

▲ Next.js 16.1.6 (Turbopack)
- Local:         http://localhost:3000
- Network:       http://192.168.220.53:3000
- Environments: .env

✓ Starting...
✓ Ready in 402ms
Initializing Prisma Client with Accelerate
prisma:warn In production, we recommend using `prisma generate --no-engine` (See: `prisma generate --help`)
Failed to fetch settings: Error [PrismaClientKnownRequestError]: 
Invalid `__TURBOPACK__imported__module__$5b$project$5d2f$Desktop$2f$Iftar__2026$2f$iftar$2d$participation$2d$portal$2f$lib$2f$prisma$2e$ts__$5b$app$2d$rsc$5d$__$28$ecmascript$29$__["prisma"].systemSettings.findUnique()` invocation in
/Users/papernpencil/Desktop/Iftar 2026/iftar-participation-portal/.next/dev/server/chunks/ssr/[root-of-the-server]__3f345915._.js:116:231

  113 } // Default
  114 ;
  115 try {
→ 116     const dbSettings = await __TURBOPACK__imported__module__$5b$project$5d2f$Desktop$2f$Iftar__2026$2f$iftar$2d$participation$2d$portal$2f$lib$2f$prisma$2e$ts__$5b$app$2d$rsc$5d$__$28$ecmascript$29$__["prisma"].systemSettings.findUnique(
Error validating datasource `db`: the URL must contain a valid API key
    at <unknown> (app/page.tsx:11:52)
    at async Home (app/page.tsx:11:24)
   9 |   let settings = { registrationOpen: true } // Default
  10 |   try {
> 11 |     const dbSettings = await prisma.systemSettings.findUnique({ where: { id: 'default' } })
     |                                                    ^
  12 |     if (dbSettings) settings = dbSettings
  13 |   } catch (error) {
  14 |     console.error("Failed to fetch settings:", error) {
  code: 'P6001',
  clientVersion: '5.10.2',
  meta: [Object]
}
Error [InvalidDatasourceError]: Error validating datasource `db`: the URL must contain a valid API key
    at prismaClientSingleton (lib/prisma.ts:9:35)
    at module evaluation (lib/prisma.ts:35:49)
    at module evaluation (app/page.tsx:1:1)
    at module evaluation (.next/dev/server/chunks/ssr/[root-of-the-server]__3f345915._.js:277:47)
   7 |     if (url?.startsWith('prisma://')) {
   8 |         console.log('Initializing Prisma Client with Accelerate')
>  9 |         return new PrismaClient().$extends(withAccelerate())
     |                                   ^
  10 |     }
  11 |
  12 |     console.log('Initializing Prisma Client (Standard/Local)') {
  clientVersion: '5.10.2',
  cause: undefined,
  isRetryable: false,
  code: 'P6001'
}
⨯ unhandledRejection: Error [InvalidDatasourceError]: Error validating datasource `db`: the URL must contain a valid API key
    at prismaClientSingleton (lib/prisma.ts:9:35)
    at module evaluation (lib/prisma.ts:35:49)
    at module evaluation (app/page.tsx:1:1)
    at module evaluation (.next/dev/server/chunks/ssr/[root-of-the-server]__3f345915._.js:277:47)
   7 |     if (url?.startsWith('prisma://')) {
   8 |         console.log('Initializing Prisma Client with Accelerate')
>  9 |         return new PrismaClient().$extends(withAccelerate())
     |                                   ^
  10 |     }
  11 |
  12 |     console.log('Initializing Prisma Client (Standard/Local)') {
  clientVersion: '5.10.2',
  cause: undefined,
  isRetryable: false,
  code: 'P6001'
}
⨯ unhandledRejection:  Error [InvalidDatasourceError]: Error validating datasource `db`: the URL must contain a valid API key
    at prismaClientSingleton (lib/prisma.ts:9:35)
    at module evaluation (lib/prisma.ts:35:49)
    at module evaluation (app/page.tsx:1:1)
    at module evaluation (.next/dev/server/chunks/ssr/[root-of-the-server]__3f345915._.js:277:47)
   7 |     if (url?.startsWith('prisma://')) {
   8 |         console.log('Initializing Prisma Client with Accelerate')
>  9 |         return new PrismaClient().$extends(withAccelerate())
     |                                   ^
  10 |     }
  11 |
  12 |     console.log('Initializing Prisma Client (Standard/Local)') {
  clientVersion: '5.10.2',
  cause: undefined,
  isRetryable: false,
  code: 'P6001'
}
 GET /admin/login?callbackUrl=http%3A%2F%2Flocalhost%3A3000%2Fadmin%2Fdashboard%3Fdate%3D2026-02-17 200 in 602ms (compile: 524ms, render: 77ms)
 GET / 200 in 599ms (compile: 109ms, render: 490ms)
[next-auth][error][JWT_SESSION_ERROR] 
https://next-auth.js.org/errors#jwt_session_error decryption operation failed {
  message: 'decryption operation failed',
  stack: 'JWEDecryptionFailed: decryption operation failed\n' +
    '    at gcmDecrypt (/Users/papernpencil/Desktop/Iftar 2026/iftar-participation-portal/.next/dev/server/chunks/ssr/[root-of-the-server]__78719652._.js:1693:15)\n' +
    '    at decrypt (/Users/papernpencil/Desktop/Iftar 2026/iftar-participation-portal/.next/dev/server/chunks/ssr/[root-of-the-server]__78719652._.js:1716:20)\n' +
    '    at flattenedDecrypt (/Users/papernpencil/Desktop/Iftar 2026/iftar-participation-portal/.next/dev/server/chunks/ssr/[root-of-the-server]__78719652._.js:3213:52)\n' +
    '    at async compactDecrypt (/Users/papernpencil/Desktop/Iftar 2026/iftar-participation-portal/.next/dev/server/chunks/ssr/[root-of-the-server]__78719652._.js:3267:23)\n' +
    '    at async jwtDecrypt (/Users/papernpencil/Desktop/Iftar 2026/iftar-participation-portal/.next/dev/server/chunks/ssr/[root-of-the-server]__78719652._.js:4729:23)\n' +
    '    at async Object.decode (/Users/papernpencil/Desktop/Iftar 2026/iftar-participation-portal/.next/dev/server/chunks/ssr/[root-of-the-server]__78719652._.js:12397:25)\n' +
    '    at async Object.session (/Users/papernpencil/Desktop/Iftar 2026/iftar-participation-portal/.next/dev/server/chunks/ssr/[root-of-the-server]__78719652._.js:13710:34)\n' +
    '    at async AuthHandler (/Users/papernpencil/Desktop/Iftar 2026/iftar-participation-portal/.next/dev/server/chunks/ssr/[root-of-the-server]__78719652._.js:15711:37)\n' +
    '    at async getServerSession (/Users/papernpencil/Desktop/Iftar 2026/iftar-participation-portal/.next/dev/server/chunks/ssr/[root-of-the-server]__78719652._.js:18846:21)\n' +
    '    at async ProtectedLayout (/Users/papernpencil/Desktop/Iftar 2026/iftar-participation-portal/.next/dev/server/chunks/ssr/[root-of-the-server]__f6f8fc5b._.js:163:21)',
  name: 'JWEDecryptionFailed'
}
[next-auth][error][JWT_SESSION_ERROR] 
https://next-auth.js.org/errors#jwt_session_error decryption operation failed {
  message: 'decryption operation failed',
  stack: 'JWEDecryptionFailed: decryption operation failed\n' +
    '    at gcmDecrypt (/Users/papernpencil/Desktop/Iftar 2026/iftar-participation-portal/.next/dev/server/chunks/ssr/[root-of-the-server]__78719652._.js:1693:15)\n' +
    '    at decrypt (/Users/papernpencil/Desktop/Iftar 2026/iftar-participation-portal/.next/dev/server/chunks/ssr/[root-of-the-server]__78719652._.js:1716:20)\n' +
    '    at flattenedDecrypt (/Users/papernpencil/Desktop/Iftar 2026/iftar-participation-portal/.next/dev/server/chunks/ssr/[root-of-the-server]__78719652._.js:3213:52)\n' +
    '    at async compactDecrypt (/Users/papernpencil/Desktop/Iftar 2026/iftar-participation-portal/.next/dev/server/chunks/ssr/[root-of-the-server]__78719652._.js:3267:23)\n' +
    '    at async jwtDecrypt (/Users/papernpencil/Desktop/Iftar 2026/iftar-participation-portal/.next/dev/server/chunks/ssr/[root-of-the-server]__78719652._.js:4729:23)\n' +
    '    at async Object.decode (/Users/papernpencil/Desktop/Iftar 2026/iftar-participation-portal/.next/dev/server/chunks/ssr/[root-of-the-server]__78719652._.js:12397:25)\n' +
    '    at async Object.session (/Users/papernpencil/Desktop/Iftar 2026/iftar-participation-portal/.next/dev/server/chunks/ssr/[root-of-the-server]__78719652._.js:13710:34)\n' +
    '    at async AuthHandler (/Users/papernpencil/Desktop/Iftar 2026/iftar-participation-portal/.next/dev/server/chunks/ssr/[root-of-the-server]__78719652._.js:15711:37)\n' +
    '    at async getServerSession (/Users/papernpencil/Desktop/Iftar 2026/iftar-participation-portal/.next/dev/server/chunks/ssr/[root-of-the-server]__78719652._.js:18846:21)\n' +
    '    at async AdminDashboard (/Users/papernpencil/Desktop/Iftar 2026/iftar-participation-portal/.next/dev/server/chunks/ssr/[root-of-the-server]__17f5807f._.js:255:21)',
  name: 'JWEDecryptionFailed'
}
 GET /admin/login 200 in 25ms (compile: 1482µs, render: 24ms)
 GET /admin/dashboard 307 in 482ms (compile: 394ms, render: 88ms)
Initializing Prisma Client with Accelerate
prisma:warn In production, we recommend using `prisma generate --no-engine` (See: `prisma generate --help`)
 GET /api/auth/providers 200 in 506ms (compile: 493ms, render: 13ms)
Unhandled Rejection: Error [InvalidDatasourceError]: Error validating datasource `db`: the URL must contain a valid API key
    at prismaClientSingleton (lib/prisma.ts:9:35)
    at module evaluation (lib/prisma.ts:35:49)
   7 |     if (url?.startsWith('prisma://')) {
   8 |         console.log('Initializing Prisma Client with Accelerate')
>  9 |         return new PrismaClient().$extends(withAccelerate())
     |                                   ^
  10 |     }
  11 |
  12 |     console.log('Initializing Prisma Client (Standard/Local)') {
  clientVersion: '5.10.2',
  cause: undefined,
  isRetryable: false,
  code: 'P6001'
}
 GET /api/auth/csrf 200 in 8ms (compile: 3ms, render: 5ms)
 POST /api/auth/callback/credentials 401 in 8ms (compile: 1214µs, render: 7ms)
Initializing Prisma Client with Accelerate
prisma:warn In production, we recommend using `prisma generate --no-engine` (See: `prisma generate --help`)
Unhandled Rejection: Error [InvalidDatasourceError]: Error validating datasource `db`: the URL must contain a valid API key
    at prismaClientSingleton (lib/prisma.ts:9:35)
    at module evaluation (lib/prisma.ts:35:49)
   7 |     if (url?.startsWith('prisma://')) {
   8 |         console.log('Initializing Prisma Client with Accelerate')
>  9 |         return new PrismaClient().$extends(withAccelerate())
     |                                   ^
  10 |     }
  11 |
  12 |     console.log('Initializing Prisma Client (Standard/Local)') {
  clientVersion: '5.10.2',
  cause: undefined,
  isRetryable: false,
  code: 'P6001'
}
 GET /admin/login 200 in 27ms (compile: 3ms, render: 23ms)
 GET /api/auth/providers 200 in 10ms (compile: 3ms, render: 6ms)
 GET /api/auth/csrf 200 in 5ms (compile: 1569µs, render: 3ms)
 POST /api/auth/callback/credentials 401 in 7ms (compile: 925µs, render: 6ms)
Initializing Prisma Client with Accelerate
prisma:warn In production, we recommend using `prisma generate --no-engine` (See: `prisma generate --help`)
Unhandled Rejection: Error [InvalidDatasourceError]: Error validating datasource `db`: the URL must contain a valid API key
    at prismaClientSingleton (lib/prisma.ts:9:35)
    at module evaluation (lib/prisma.ts:35:49)
   7 |     if (url?.startsWith('prisma://')) {
   8 |         console.log('Initializing Prisma Client with Accelerate')
>  9 |         return new PrismaClient().$extends(withAccelerate())
     |                                   ^
  10 |     }
  11 |
  12 |     console.log('Initializing Prisma Client (Standard/Local)') {
  clientVersion: '5.10.2',
  cause: undefined,
  isRetryable: false,
  code: 'P6001'
}
 GET /api/auth/providers 200 in 16ms (compile: 6ms, render: 10ms)
 GET /api/auth/csrf 200 in 9ms (compile: 2ms, render: 7ms)
 POST /api/auth/callback/credentials 401 in 11ms (compile: 1394µs, render: 10ms)
Initializing Prisma Client with Accelerate
prisma:warn In production, we recommend using `prisma generate --no-engine` (See: `prisma generate --help`)
Unhandled Rejection: Error [InvalidDatasourceError]: Error validating datasource `db`: the URL must contain a valid API key
    at prismaClientSingleton (lib/prisma.ts:9:35)
    at module evaluation (lib/prisma.ts:35:49)
   7 |     if (url?.startsWith('prisma://')) {
   8 |         console.log('Initializing Prisma Client with Accelerate')
>  9 |         return new PrismaClient().$extends(withAccelerate())
     |                                   ^
  10 |     }
  11 |
  12 |     console.log('Initializing Prisma Client (Standard/Local)') {
  clientVersion: '5.10.2',
  cause: undefined,
  isRetryable: false,
  code: 'P6001'
}
 GET /api/auth/providers 200 in 8ms (compile: 3ms, render: 5ms)
 GET /api/auth/csrf 200 in 6ms (compile: 929µs, render: 5ms)
 POST /api/auth/callback/credentials 401 in 7ms (compile: 1281µs, render: 6ms)
Initializing Prisma Client with Accelerate
prisma:warn In production, we recommend using `prisma generate --no-engine` (See: `prisma generate --help`)
Unhandled Rejection: Error [InvalidDatasourceError]: Error validating datasource `db`: the URL must contain a valid API key
    at prismaClientSingleton (lib/prisma.ts:9:35)
    at module evaluation (lib/prisma.ts:35:49)
   7 |     if (url?.startsWith('prisma://')) {
   8 |         console.log('Initializing Prisma Client with Accelerate')
>  9 |         return new PrismaClient().$extends(withAccelerate())
     |                                   ^
  10 |     }
  11 |
  12 |     console.log('Initializing Prisma Client (Standard/Local)') {
  clientVersion: '5.10.2',
  cause: undefined,
  isRetryable: false,
  code: 'P6001'
}
[next-auth][error][JWT_SESSION_ERROR] 
https://next-auth.js.org/errors#jwt_session_error decryption operation failed {
  message: 'decryption operation failed',
  stack: 'JWEDecryptionFailed: decryption operation failed\n' +
    '    at gcmDecrypt (/Users/papernpencil/Desktop/Iftar 2026/iftar-participation-portal/.next/dev/server/chunks/ssr/[root-of-the-server]__78719652._.js:1693:15)\n' +
    '    at decrypt (/Users/papernpencil/Desktop/Iftar 2026/iftar-participation-portal/.next/dev/server/chunks/ssr/[root-of-the-server]__78719652._.js:1716:20)\n' +
    '    at flattenedDecrypt (/Users/papernpencil/Desktop/Iftar 2026/iftar-participation-portal/.next/dev/server/chunks/ssr/[root-of-the-server]__78719652._.js:3213:52)\n' +
    '    at async compactDecrypt (/Users/papernpencil/Desktop/Iftar 2026/iftar-participation-portal/.next/dev/server/chunks/ssr/[root-of-the-server]__78719652._.js:3267:23)\n' +
    '    at async jwtDecrypt (/Users/papernpencil/Desktop/Iftar 2026/iftar-participation-portal/.next/dev/server/chunks/ssr/[root-of-the-server]__78719652._.js:4729:23)\n' +
    '    at async Object.decode (/Users/papernpencil/Desktop/Iftar 2026/iftar-participation-portal/.next/dev/server/chunks/ssr/[root-of-the-server]__78719652._.js:12397:25)\n' +
    '    at async Object.session (/Users/papernpencil/Desktop/Iftar 2026/iftar-participation-portal/.next/dev/server/chunks/ssr/[root-of-the-server]__78719652._.js:13710:34)\n' +
    '    at async AuthHandler (/Users/papernpencil/Desktop/Iftar 2026/iftar-participation-portal/.next/dev/server/chunks/ssr/[root-of-the-server]__78719652._.js:15711:37)\n' +
    '    at async getServerSession (/Users/papernpencil/Desktop/Iftar 2026/iftar-participation-portal/.next/dev/server/chunks/ssr/[root-of-the-server]__78719652._.js:18846:21)\n' +
    '    at async ProtectedLayout (/Users/papernpencil/Desktop/Iftar 2026/iftar-participation-portal/.next/dev/server/chunks/ssr/[root-of-the-server]__f6f8fc5b._.js:163:21)',
  name: 'JWEDecryptionFailed'
}
[next-auth][error][JWT_SESSION_ERROR] 
https://next-auth.js.org/errors#jwt_session_error decryption operation failed {
  message: 'decryption operation failed',
  stack: 'JWEDecryptionFailed: decryption operation failed\n' +
    '    at gcmDecrypt (/Users/papernpencil/Desktop/Iftar 2026/iftar-participation-portal/.next/dev/server/chunks/ssr/[root-of-the-server]__78719652._.js:1693:15)\n' +
    '    at decrypt (/Users/papernpencil/Desktop/Iftar 2026/iftar-participation-portal/.next/dev/server/chunks/ssr/[root-of-the-server]__78719652._.js:1716:20)\n' +
    '    at flattenedDecrypt (/Users/papernpencil/Desktop/Iftar 2026/iftar-participation-portal/.next/dev/server/chunks/ssr/[root-of-the-server]__78719652._.js:3213:52)\n' +
    '    at async compactDecrypt (/Users/papernpencil/Desktop/Iftar 2026/iftar-participation-portal/.next/dev/server/chunks/ssr/[root-of-the-server]__78719652._.js:3267:23)\n' +
    '    at async jwtDecrypt (/Users/papernpencil/Desktop/Iftar 2026/iftar-participation-portal/.next/dev/server/chunks/ssr/[root-of-the-server]__78719652._.js:4729:23)\n' +
    '    at async Object.decode (/Users/papernpencil/Desktop/Iftar 2026/iftar-participation-portal/.next/dev/server/chunks/ssr/[root-of-the-server]__78719652._.js:12397:25)\n' +
    '    at async Object.session (/Users/papernpencil/Desktop/Iftar 2026/iftar-participation-portal/.next/dev/server/chunks/ssr/[root-of-the-server]__78719652._.js:13710:34)\n' +
    '    at async AuthHandler (/Users/papernpencil/Desktop/Iftar 2026/iftar-participation-portal/.next/dev/server/chunks/ssr/[root-of-the-server]__78719652._.js:15711:37)\n' +
    '    at async getServerSession (/Users/papernpencil/Desktop/Iftar 2026/iftar-participation-portal/.next/dev/server/chunks/ssr/[root-of-the-server]__78719652._.js:18846:21)\n' +
    '    at async AdminDashboard (/Users/papernpencil/Desktop/Iftar 2026/iftar-participation-portal/.next/dev/server/chunks/ssr/[root-of-the-server]__17f5807f._.js:255:21)',
  name: 'JWEDecryptionFailed'
}
 GET /admin/login 200 in 32ms (compile: 4ms, render: 28ms)
 GET /admin/dashboard 307 in 75ms (compile: 3ms, render: 72ms)
